开窗左下坐标y:	0
图像包数据域:	b'\xeb\x90\x00\x15\x12:\x02\xbe\x08\xca\x03\x00\x00\x00\x9a\x03\x84\x00\x00\x00' ...总长度 1024

2024-06-14 19:04:38,674 - utils.share - INFO - 共接收1024个分片
2024-06-14 19:04:38,675 - image_utils - INFO - 图片image_154_900_2250.bmp 长度 1048576 bytes写入文件, winsize = (1024, 1024), window = (0, 0)
2024-06-14 19:04:38,694 - image_utils - INFO - 图片image_154_900.bmp写入redis
有效数据长度:	1050
数据发送方:	165
数据接收方:	170
图像拍摄时间戳秒:	158
图像拍摄时间戳毫秒:	900
曝光时长:	2250
图像数据UDP包总数:	1024
包序号:	0
开窗宽度:	0
开窗高度:	1024
开窗左下坐标x:	1024
开窗左下坐标y:	0
图像包数据域:	b'\xeb\x90\x00\x15\x12:\x02\xe3\x08\xca\x03\x00\x00\x00\x9e\x03\x84\x00\x00\x00' ...总长度 1024

2024-06-14 19:04:42,674 - utils.share - INFO - 共接收1024个分片
2024-06-14 19:04:42,674 - image_utils - INFO - 图片image_158_900_2250.bmp 长度 1048576 bytes写入文件, winsize = (1024, 1024), window = (0, 0)
2024-06-14 19:04:42,697 - image_utils - INFO - 图片image_158_900.bmp写入redis
有效数据长度:	1050
数据发送方:	165
数据接收方:	170
图像拍摄时间戳秒:	159
图像拍摄时间戳毫秒:	900
曝光时长:	2250
图像数据UDP包总数:	1024
包序号:	0
开窗宽度:	0
开窗高度:	1024
开窗左下坐标x:	1024
开窗左下坐标y:	0
图像包数据域:	b'\xeb\x90\x00\x15\x12:\x02\xec\x08\xca\x03\x00\x00\x00\x9f\x03\x84\x00\x00\x00' ...总长度 1024

2024-06-14 19:04:43,676 - utils.share - INFO - 共接收1024个分片
2024-06-14 19:04:43,676 - image_utils - INFO - 图片image_159_900_2250.bmp 长度 1048576 bytes写入文件, winsize = (1024, 1024), window = (0, 0)
2024-06-14 19:04:43,688 - image_utils - INFO - 图片image_159_900.bmp写入redis
有效数据长度:	1050
数据发送方:	165
数据接收方:	170
图像拍摄时间戳秒:	173
图像拍摄时间戳毫秒:	900
曝光时长:	2250
图像数据UDP包总数:	1024
包序号:	0
开窗宽度:	0
开窗高度:	1024
开窗左下坐标x:	1024
开窗左下坐标y:	0
图像包数据域:	b'\xeb\x90\x00\x15\x12:\x02l\x08\xca\x03\x00\x00\x00\xad\x03\x84\x00\x00\x00' ...总长度 1024

2024-06-14 19:04:57,673 - utils.share - INFO - 共接收1024个分片
2024-06-14 19:04:57,674 - image_utils - INFO - 图片image_173_900_2250.bmp 长度 1048576 bytes写入文件, winsize = (1024, 1024), window = (0, 0)
2024-06-14 19:04:57,698 - image_utils - INFO - 图片image_173_900.bmp写入redis
有效数据长度:	1050
数据发送方:	165
数据接收方:	170
图像拍摄时间戳秒:	174
图像拍摄时间戳毫秒:	900
曝光时长:	2250
图像数据UDP包总数:	1024
包序号:	0
开窗宽度:	0
开窗高度:	1024
开窗左下坐标x:	1024
开窗左下坐标y:	0
图像包数据域:	b'\xeb\x90\x00\x15\x12:\x02v\x08\xca\x03\x00\x00\x00\xae\x03\x84\x00\x00\x00' ...总长度 1024

2024-06-14 19:04:58,672 - utils.share - INFO - 共接收1024个分片
2024-06-14 19:04:58,673 - image_utils - INFO - 图片image_174_900_2250.bmp 长度 1048576 bytes写入文件, winsize = (1024, 1024), window = (0, 0)
2024-06-14 19:04:58,692 - image_utils - INFO - 图片image_174_900.bmp写入redis
有效数据长度:	1050
数据发送方:	165
数据接收方:	170
图像拍摄时间戳秒:	175
图像拍摄时间戳毫秒:	900
曝光时长:	2250
图像数据UDP包总数:	1024
包序号:	0
开窗宽度:	0
开窗高度:	1024
开窗左下坐标x:	1024
开窗左下坐标y:	0
图像包数据域:	b'\xeb\x90\x00\x15\x12:\x02\x7f\x08\xca\x03\x00\x00\x00\xaf\x03\x84\x00\x00\x00' ...总长度 1024

2024-06-14 19:04:59,672 - utils.share - INFO - 共接收1024个分片
2024-06-14 19:04:59,672 - image_utils - INFO - 图片image_175_900_2250.bmp 长度 1048576 bytes写入文件, winsize = (1024, 1024), window = (0, 0)
2024-06-14 19:04:59,684 - image_utils - INFO - 图片image_175_900.bmp写入redis
有效数据长度:	1050
数据发送方:	165
数据接收方:	170
图像拍摄时间戳秒:	176
图像拍摄时间戳毫秒:	900
曝光时长:	2250
图像数据UDP包总数:	1024
包序号:	0
开窗宽度:	0
开窗高度:	1024
开窗左下坐标x:	1024
开窗左下坐标y:	0
图像包数据域:	b'\xeb\x90\x00\x15\x12:\x02\x89\x08\xca\x03\x00\x00\x00\xb0\x03\x84\x00\x00\x00' ...总长度 1024

2024-06-14 19:05:00,673 - utils.share - INFO - 共接收1024个分片
2024-06-14 19:05:00,673 - image_utils - INFO - 图片image_176_900_2250.bmp 长度 1048576 bytes写入文件, winsize = (1024, 1024), window = (0, 0)
2024-06-14 19:05:00,703 - image_utils - INFO - 图片image_176_900.bmp写入redis
有效数据长度:	1050
数据发送方:	165
数据接收方:	170
图像拍摄时间戳秒:	178
图像拍摄时间戳毫秒:	900
曝光时长:	2250
图像数据UDP包总数:	1024
包序号:	0
开窗宽度:	0
开窗高度:	1024
开窗左下坐标x:	1024
开窗左下坐标y:	0
图像包数据域:	b'\xeb\x90\x00\x15\x12:\x02\x9d\x08\xca\x03\x00\x00\x00\xb2\x03\x84\x00\x00\x00' ...总长度 1024

2024-06-14 19:05:02,672 - utils.share - INFO - 共接收1024个分片
2024-06-14 19:05:02,673 - image_utils - INFO - 图片image_178_900_2250.bmp 长度 1048576 bytes写入文件, winsize = (1024, 1024), window = (0, 0)
2024-06-14 19:05:02,692 - image_utils - INFO - 图片image_178_900.bmp写入redis
有效数据长度:	1050
数据发送方:	165
数据接收方:	170
图像拍摄时间戳秒:	179
图像拍摄时间戳毫秒:	900
曝光时长:	2250
图像数据UDP包总数:	1024
包序号:	0
开窗宽度:	0
开窗高度:	1024
开窗左下坐标x:	1024
开窗左下坐标y:	0
图像包数据域:	b'\xeb\x90\x00\x15\x12:\x02\xa7\x08\xca\x03\x00\x00\x00\xb3\x03\x84\x00\x00\x00' ...总长度 1024

2024-06-14 19:05:03,672 - utils.share - INFO - 共接收1024个分片
2024-06-14 19:05:03,672 - image_utils - INFO - 图片image_179_900_2250.bmp 长度 1048576 bytes写入文件, winsize = (1024, 1024), window = (0, 0)
2024-06-14 19:05:03,691 - image_utils - INFO - 图片image_179_900.bmp写入redis
有效数据长度:	1050
数据发送方:	165
数据接收方:	170
图像拍摄时间戳秒:	182
图像拍摄时间戳毫秒:	900
曝光时长:	2250
图像数据UDP包总数:	1024
包序号:	0
开窗宽度:	0
开窗高度:	1024
开窗左下坐标x:	1024
开窗左下坐标y:	0
图像包数据域:	b'\xeb\x90\x00\x15\x12:\x02\xc6\x08\xca\x03\x00\x00\x00\xb6\x03\x84\x00\x00\x00' ...总长度 1024

2024-06-14 19:05:06,672 - utils.share - INFO - 共接收1024个分片
2024-06-14 19:05:06,672 - image_utils - INFO - 图片image_182_900_2250.bmp 长度 1048576 bytes写入文件, winsize = (1024, 1024), window = (0, 0)
2024-06-14 19:05:06,691 - image_utils - INFO - 图片image_182_900.bmp写入redis
有效数据长度:	1050
数据发送方:	165
数据接收方:	170
图像拍摄时间戳秒:	183
图像拍摄时间戳毫秒:	900
曝光时长:	2250
图像数据UDP包总数:	1024
包序号:	0
开窗宽度:	0
开窗高度:	1024
开窗左下坐标x:	1024
开窗左下坐标y:	0
图像包数据域:	b'\xeb\x90\x00\x15\x12:\x02\xcf\x08\xca\x03\x00\x00\x00\xb7\x03\x84\x00\x00\x00' ...总长度 1024

2024-06-14 19:05:07,672 - utils.share - INFO - 共接收1024个分片
2024-06-14 19:05:07,672 - image_utils - INFO - 图片image_183_900_2250.bmp 长度 1048576 bytes写入文件, winsize = (1024, 1024), window = (0, 0)
2024-06-14 19:05:07,691 - image_utils - INFO - 图片image_183_900.bmp写入redis
有效数据长度:	1050
数据发送方:	165
数据接收方:	170
图像拍摄时间戳秒:	184
图像拍摄时间戳毫秒:	900
曝光时长:	2250
图像数据UDP包总数:	1024
包序号:	0
开窗宽度:	0
开窗高度:	1024
开窗左下坐标x:	1024
开窗左下坐标y:	0
图像包数据域:	b'\xeb\x90\x00\x15\x12:\x02\xd8\x08\xca\x03\x00\x00\x00\xb8\x03\x84\x00\x00\x00' ...总长度 1024

2024-06-14 19:05:08,672 - utils.share - INFO - 共接收1024个分片
2024-06-14 19:05:08,672 - image_utils - INFO - 图片image_184_900_2250.bmp 长度 1048576 bytes写入文件, winsize = (1024, 1024), window = (0, 0)
2024-06-14 19:05:08,693 - image_utils - INFO - 图片image_184_900.bmp写入redis
有效数据长度:	1050
数据发送方:	165
数据接收方:	170
图像拍摄时间戳秒:	187
图像拍摄时间戳毫秒:	900
曝光时长:	2250
图像数据UDP包总数:	1024
包序号:	0
开窗宽度:	0
开窗高度:	1024
开窗左下坐标x:	1024
开窗左下坐标y:	0
图像包数据域:	b'\xeb\x90\x00\x15\x12:\x02\xf5\x08\xca\x03\x00\x00\x00\xbb\x03\x84\x00\x00\x00' ...总长度 1024

2024-06-14 19:05:11,671 - utils.share - INFO - 共接收1024个分片
2024-06-14 19:05:11,672 - image_utils - INFO - 图片image_187_900_2250.bmp 长度 1048576 bytes写入文件, winsize = (1024, 1024), window = (0, 0)
2024-06-14 19:05:11,692 - image_utils - INFO - 图片image_187_900.bmp写入redis
有效数据长度:	1050
数据发送方:	165
数据接收方:	170
图像拍摄时间戳秒:	189
图像拍摄时间戳毫秒:	900
曝光时长:	2250
图像数据UDP包总数:	1024
包序号:	0
开窗宽度:	0
开窗高度:	1024
开窗左下坐标x:	1024
开窗左下坐标y:	0
图像包数据域:	b'\xeb\x90\x00\x15\x12:\x02\t\x08\xca\x03\x00\x00\x00\xbd\x03\x84\x00\x00\x00' ...总长度 1024

2024-06-14 19:05:13,671 - utils.share - INFO - 共接收1024个分片
2024-06-14 19:05:13,672 - image_utils - INFO - 图片image_189_900_2250.bmp 长度 1048576 bytes写入文件, winsize = (1024, 1024), window = (0, 0)
2024-06-14 19:05:13,691 - image_utils - INFO - 图片image_189_900.bmp写入redis
有效数据长度:	1050
数据发送方:	165
数据接收方:	170
图像拍摄时间戳秒:	194
图像拍摄时间戳毫秒:	800
曝光时长:	2250
图像数据UDP包总数:	1024
包序号:	0
开窗宽度:	0
开窗高度:	1024
开窗左下坐标x:	1024
开窗左下坐标y:	0
图像包数据域:	b'\xeb\x90\x00\x15\x12:\x02F\x08\xca\x03\x00\x00\x00\xc2\x03 \x00\x00\x00' ...总长度 1024

2024-06-14 19:05:18,671 - utils.share - INFO - 共接收1024个分片
2024-06-14 19:05:18,671 - image_utils - INFO - 图片image_194_800_2250.bmp 长度 1048576 bytes写入文件, winsize = (1024, 1024), window = (0, 0)
2024-06-14 19:05:18,693 - image_utils - INFO - 图片image_194_800.bmp写入redis
有效数据长度:	1050
数据发送方:	165
数据接收方:	170
图像拍摄时间戳秒:	200
图像拍摄时间戳毫秒:	900
曝光时长:	2250
图像数据UDP包总数:	1024
包序号:	0
开窗宽度:	0
开窗高度:	1024
开窗左下坐标x:	1024
开窗左下坐标y:	0
图像包数据域:	b'\xeb\x90\x00\x15\x12:\x02|\x08\xca\x03\x00\x00\x00\xc8\x03\x84\x00\x00\x00' ...总长度 1024

2024-06-14 19:05:24,671 - utils.share - INFO - 共接收1024个分片
2024-06-14 19:05:24,671 - image_utils - INFO - 图片image_200_900_2250.bmp 长度 1048576 bytes写入文件, winsize = (1024, 1024), window = (0, 0)
2024-06-14 19:05:24,690 - image_utils - INFO - 图片image_200_900.bmp写入redis
有效数据长度:	1050
数据发送方:	165
数据接收方:	170
图像拍摄时间戳秒:	203
图像拍摄时间戳毫秒:	900
曝光时长:	2250
图像数据UDP包总数:	1024
包序号:	0
开窗宽度:	0
开窗高度:	1024
开窗左下坐标x:	1024
开窗左下坐标y:	0
图像包数据域:	b'\xeb\x90\x00\x15\x12:\x02\x98\x08\xca\x03\x00\x00\x00\xcb\x03\x84\x00\x00\x00' ...总长度 1024

2024-06-14 19:05:27,670 - utils.share - INFO - 共接收1024个分片
2024-06-14 19:05:27,671 - image_utils - INFO - 图片image_203_900_2250.bmp 长度 1048576 bytes写入文件, winsize = (1024, 1024), window = (0, 0)
2024-06-14 19:05:27,690 - image_utils - INFO - 图片image_203_900.bmp写入redis
有效数据长度:	1050
数据发送方:	165
数据接收方:	170
图像拍摄时间戳秒:	206
图像拍摄时间戳毫秒:	900
曝光时长:	2250
图像数据UDP包总数:	1024
包序号:	0
开窗宽度:	0
开窗高度:	1024
开窗左下坐标x:	1024
开窗左下坐标y:	0
图像包数据域:	b'\xeb\x90\x00\x15\x12:\x02\xb4\x08\xca\x03\x00\x00\x00\xce\x03\x84\x00\x00\x00' ...总长度 1024

2024-06-14 19:05:30,670 - utils.share - INFO - 共接收1024个分片
2024-06-14 19:05:30,671 - image_utils - INFO - 图片image_206_900_2250.bmp 长度 1048576 bytes写入文件, winsize = (1024, 1024), window = (0, 0)
2024-06-14 19:05:30,692 - image_utils - INFO - 图片image_206_900.bmp写入redis
有效数据长度:	1050
数据发送方:	165
数据接收方:	170
图像拍摄时间戳秒:	208
图像拍摄时间戳毫秒:	900
曝光时长:	2250
图像数据UDP包总数:	1024
包序号:	0
开窗宽度:	0
开窗高度:	1024
开窗左下坐标x:	1024
开窗左下坐标y:	0
图像包数据域:	b'\xeb\x90\x00\x15\x12:\x02\xc8\x08\xca\x03\x00\x00\x00\xd0\x03\x84\x00\x00\x00' ...总长度 1024

2024-06-14 19:05:32,670 - utils.share - INFO - 共接收1024个分片
2024-06-14 19:05:32,671 - image_utils - INFO - 图片image_208_900_2250.bmp 长度 1048576 bytes写入文件, winsize = (1024, 1024), window = (0, 0)
2024-06-14 19:05:32,692 - image_utils - INFO - 图片image_208_900.bmp写入redis
有效数据长度:	1050
数据发送方:	165
数据接收方:	170
图像拍摄时间戳秒:	209
图像拍摄时间戳毫秒:	800
曝光时长:	2250
图像数据UDP包总数:	1024
包序号:	0
开窗宽度:	0
开窗高度:	1024
开窗左下坐标x:	1024
开窗左下坐标y:	0
图像包数据域:	b'\xeb\x90\x00\x15\x12:\x02\xd1\x08\xca\x03\x00\x00\x00\xd1\x03 \x00\x00\x00' ...总长度 1024

2024-06-14 19:05:33,671 - utils.share - INFO - 共接收1024个分片
2024-06-14 19:05:33,671 - image_utils - INFO - 图片image_209_800_2250.bmp 长度 1048576 bytes写入文件, winsize = (1024, 1024), window = (0, 0)
2024-06-14 19:05:33,694 - image_utils - INFO - 图片image_209_800.bmp写入redis
有效数据长度:	1050
数据发送方:	165
数据接收方:	170
图像拍摄时间戳秒:	210
图像拍摄时间戳毫秒:	900
曝光时长:	2250
图像数据UDP包总数:	1024
包序号:	0
开窗宽度:	0
开窗高度:	1024
开窗左下坐标x:	1024
开窗左下坐标y:	0
图像包数据域:	b'\xeb\x90\x00\x15\x12:\x02\xdb\x08\xca\x03\x00\x00\x00\xd2\x03\x84\x00\x00\x00' ...总长度 1024

2024-06-14 19:05:34,670 - utils.share - INFO - 共接收1024个分片
2024-06-14 19:05:34,670 - image_utils - INFO - 图片image_210_900_2250.bmp 长度 1048576 bytes写入文件, winsize = (1024, 1024), window = (0, 0)
2024-06-14 19:05:34,682 - image_utils - INFO - 图片image_210_900.bmp写入redis
有效数据长度:	1050
数据发送方:	165
数据接收方:	170
图像拍摄时间戳秒:	213
图像拍摄时间戳毫秒:	900
曝光时长:	2250
图像数据UDP包总数:	1024
包序号:	0
开窗宽度:	0
开窗高度:	1024
开窗左下坐标x:	1024
开窗左下坐标y:	0
图像包数据域:	b'\xeb\x90\x00\x15\x12:\x02\xf8\x08\xca\x03\x00\x00\x00\xd5\x03\x84\x00\x00\x00' ...总长度 1024

2024-06-14 19:05:37,670 - utils.share - INFO - 共接收1024个分片
2024-06-14 19:05:37,670 - image_utils - INFO - 图片image_213_900_2250.bmp 长度 1048576 bytes写入文件, winsize = (1024, 1024), window = (0, 0)
2024-06-14 19:05:37,808 - image_utils - INFO - 图片image_213_900.bmp写入redis
有效数据长度:	1050
数据发送方:	165
数据接收方:	170
图像拍摄时间戳秒:	216
图像拍摄时间戳毫秒:	900
曝光时长:	2250
图像数据UDP包总数:	2048
包序号:	0
开窗宽度:	0
开窗高度:	2048
开窗左下坐标x:	1024
开窗左下坐标y:	0
图像包数据域:	b'\xeb\x90\x00\x15\x12:\x02\x16\x08\xca\x03\x00\x00\x00\xd8\x03\x84\x00\x00\x00' ...总长度 1024

2024-06-14 19:05:40,805 - utils.share - INFO - 共接收2048个分片
2024-06-14 19:05:40,805 - image_utils - INFO - 图片image_216_900_2250.bmp 长度 2097152 bytes写入文件, winsize = (2048, 1024), window = (0, 0)
2024-06-14 19:05:40,852 - image_utils - INFO - 图片image_216_900.bmp写入redis
有效数据长度:	1050
数据发送方:	165
数据接收方:	170
图像拍摄时间戳秒:	231
图像拍摄时间戳毫秒:	900
曝光时长:	2250
图像数据UDP包总数:	4096
包序号:	0
开窗宽度:	0
开窗高度:	2048
开窗左下坐标x:	2048
开窗左下坐标y:	0
图像包数据域:	b'\xeb\x90\x00\x15\x12:\x02\xa2\x08\xca\x03\x00\x00\x00\xe7\x03\x84\x00\x00\x00' ...总长度 1024

2024-06-14 19:05:56,106 - utils.share - INFO - 共接收4096个分片
2024-06-14 19:05:56,106 - image_utils - INFO - 图片image_231_900_2250.bmp 长度 4194304 bytes写入文件, winsize = (2048, 2048), window = (0, 0)
2024-06-14 19:05:56,189 - image_utils - INFO - 图片image_231_900.bmp写入redis
有效数据长度:	1050
数据发送方:	165
数据接收方:	170
图像拍摄时间戳秒:	232
图像拍摄时间戳毫秒:	900
曝光时长:	2250
图像数据UDP包总数:	4096
包序号:	0
开窗宽度:	0
开窗高度:	2048
开窗左下坐标x:	2048
开窗左下坐标y:	0
图像包数据域:	b'\xeb\x90\x00\x15\x12:\x02\xac\x08\xca\x03\x00\x00\x00\xe8\x03\x84\x00\x00\x00' ...总长度 1024

2024-06-14 19:05:57,105 - utils.share - INFO - 共接收4096个分片
2024-06-14 19:05:57,106 - image_utils - INFO - 图片image_232_900_2250.bmp 长度 4194304 bytes写入文件, winsize = (2048, 2048), window = (0, 0)
2024-06-14 19:05:57,170 - image_utils - INFO - 图片image_232_900.bmp写入redis
有效数据长度:	1050
数据发送方:	165
数据接收方:	170
图像拍摄时间戳秒:	234
图像拍摄时间戳毫秒:	900
曝光时长:	2250
图像数据UDP包总数:	4096
包序号:	0
开窗宽度:	0
开窗高度:	2048
开窗左下坐标x:	2048
开窗左下坐标y:	0
图像包数据域:	b'\xeb\x90\x00\x15\x12:\x02\xbe\x08\xca\x03\x00\x00\x00\xea\x03\x84\x00\x00\x00' ...总长度 1024

2024-06-14 19:05:59,102 - utils.share - INFO - 共接收4096个分片
2024-06-14 19:05:59,103 - image_utils - INFO - 图片image_234_900_2250.bmp 长度 4194304 bytes写入文件, winsize = (2048, 2048), window = (0, 0)
2024-06-14 19:05:59,165 - image_utils - INFO - 图片image_234_900.bmp写入redis
有效数据长度:	1050
数据发送方:	165
数据接收方:	170
图像拍摄时间戳秒:	236
图像拍摄时间戳毫秒:	900
曝光时长:	2250
图像数据UDP包总数:	4096
包序号:	0
开窗宽度:	0
开窗高度:	2048
开窗左下坐标x:	2048
开窗左下坐标y:	0
图像包数据域:	b'\xeb\x90\x00\x15\x12:\x02\xd2\x08\xca\x03\x00\x00\x00\xec\x03\x84\x00\x00\x00' ...总长度 1024

2024-06-14 19:06:01,104 - utils.share - INFO - 共接收4096个分片
2024-06-14 19:06:01,104 - image_utils - INFO - 图片image_236_900_2250.bmp 长度 4194304 bytes写入文件, winsize = (2048, 2048), window = (0, 0)
2024-06-14 19:06:01,175 - image_utils - INFO - 图片image_236_900.bmp写入redis
有效数据长度:	1050
数据发送方:	165
数据接收方:	170
图像拍摄时间戳秒:	237
图像拍摄时间戳毫秒:	900
曝光时长:	2250
图像数据UDP包总数:	4096
包序号:	0
开窗宽度:	0
开窗高度:	2048
开窗左下坐标x:	2048
开窗左下坐标y:	0
图像包数据域:	b'\xeb\x90\x00\x15\x12:\x02\xdc\x08\xca\x03\x00\x00\x00\xed\x03\x84\x00\x00\x00' ...总长度 1024

2024-06-14 19:06:02,103 - utils.share - INFO - 共接收4096个分片
2024-06-14 19:06:02,103 - image_utils - INFO - 图片image_237_900_2250.bmp 长度 4194304 bytes写入文件, winsize = (2048, 2048), window = (0, 0)
2024-06-14 19:06:02,617 - image_utils - INFO - 图片image_237_900.bmp写入redis
有效数据长度:	1050
数据发送方:	165
数据接收方:	170
图像拍摄时间戳秒:	257
图像拍摄时间戳毫秒:	900
曝光时长:	2250
图像数据UDP包总数:	4096
包序号:	0
开窗宽度:	0
开窗高度:	2048
开窗左下坐标x:	2048
开窗左下坐标y:	0
图像包数据域:	b'\xeb\x90\x00\x15\x12:\x02\x96\x08\xca\x03\x00\x00\x01\x01\x03\x84\x00\x00\x00' ...总长度 1024

2024-06-14 19:06:22,104 - utils.share - INFO - 共接收4096个分片
2024-06-14 19:06:22,105 - image_utils - INFO - 图片image_257_900_2250.bmp 长度 4194304 bytes写入文件, winsize = (2048, 2048), window = (0, 0)
2024-06-14 19:06:22,195 - image_utils - INFO - 图片image_257_900.bmp写入redis
有效数据长度:	1050
数据发送方:	165
数据接收方:	170
图像拍摄时间戳秒:	277
图像拍摄时间戳毫秒:	900
曝光时长:	2250
图像数据UDP包总数:	4096
包序号:	0
开窗宽度:	0
开窗高度:	2048
开窗左下坐标x:	2048
开窗左下坐标y:	0
图像包数据域:	b'\xeb\x90\x00\x15\x12:\x02L\x08\xca\x03\x00\x00\x01\x15\x03\x84\x00\x00\x00' ...总长度 1024

2024-06-14 19:06:42,101 - utils.share - INFO - 共接收4096个分片
2024-06-14 19:06:42,102 - image_utils - INFO - 图片image_277_900_2250.bmp 长度 4194304 bytes写入文件, winsize = (2048, 2048), window = (0, 0)
2024-06-14 19:06:42,184 - image_utils - INFO - 图片image_277_900.bmp写入redis
